[    0.000000] Initializing cgroup subsys cpuset
[    0.000000] Initializing cgroup subsys cpu
[    0.000000] Initializing cgroup subsys cpuacct
[    0.000000] Linux version 4.4.0-128-generic (buildd@lcy01-amd64-019) (gcc version 5.4.0 20160609 (Ubuntu 5.4.0-6ubuntu1~16.04.9) ) #154-Ubuntu SMP Fri May 25 14:15:18 UTC 2018 (Ubuntu 4.4.0-128.154-generic 4.4.131)
[    0.000000] Command line: BOOT_IMAGE=/boot/vmlinuz-4.4.0-128-generic root=LABEL=cloudimg-rootfs ro console=tty1 console=ttyS0
[    0.000000] KERNEL supported cpus:
[    0.000000]   Intel GenuineIntel
[    0.000000]   AMD AuthenticAMD
[    0.000000]   Centaur CentaurHauls
[    0.000000] x86/fpu: xstate_offset[2]:  576, xstate_sizes[2]:  256
[    0.000000] x86/fpu: Supporting XSAVE feature 0x01: 'x87 floating point registers'
[    0.000000] x86/fpu: Supporting XSAVE feature 0x02: 'SSE registers'
[    0.000000] x86/fpu: Supporting XSAVE feature 0x04: 'AVX registers'
[    0.000000] x86/fpu: Enabled xstate features 0x7, context size is 832 bytes, using 'standard' format.
[    0.000000] x86/fpu: Using 'lazy' FPU context switches.
[    0.000000] e820: BIOS-provided physical RAM map:
[    0.000000] BIOS-e820: [mem 0x0000000000000000-0x000000000009fbff] usable
[    0.000000] BIOS-e820: [mem 0x000000000009fc00-0x000000000009ffff] reserved
[    0.000000] BIOS-e820: [mem 0x00000000000f0000-0x00000000000fffff] reserved
[    0.000000] BIOS-e820: [mem 0x0000000000100000-0x000000003ffeffff] usable
[    0.000000] BIOS-e820: [mem 0x000000003fff0000-0x000000003fffffff] ACPI data
[    0.000000] BIOS-e820: [mem 0x00000000fec00000-0x00000000fec00fff] reserved
[    0.000000] BIOS-e820: [mem 0x00000000fee00000-0x00000000fee00fff] reserved
[    0.000000] BIOS-e820: [mem 0x00000000fffc0000-0x00000000ffffffff] reserved
[    0.000000] NX (Execute Disable) protection: active
[    0.000000] SMBIOS 2.5 present.
[    0.000000] Hypervisor detected: KVM
[    0.000000] e820: last_pfn = 0x3fff0 max_arch_pfn = 0x400000000
[    0.000000] MTRR: Disabled
[    0.000000] x86/PAT: MTRRs disabled, skipping PAT initialization too.
[    0.000000] CPU MTRRs all blank - virtualized system.
[    0.000000] x86/PAT: Configuration [0-7]: WB  WT  UC- UC  WB  WT  UC- UC  
[    0.000000] found SMP MP-table at [mem 0x0009fff0-0x0009ffff] mapped at [ffff88000009fff0]
[    0.000000] Scanning 1 areas for low memory corruption
[    0.000000] RAMDISK: [mem 0x36aa4000-0x37549fff]
[    0.000000] ACPI: Early table checksum verification disabled
[    0.000000] ACPI: RSDP 0x00000000000E0000 000024 (v02 VBOX  )
[    0.000000] ACPI: XSDT 0x000000003FFF0030 00003C (v01 VBOX   VBOXXSDT 00000001 ASL  00000061)
[    0.000000] ACPI: FACP 0x000000003FFF00F0 0000F4 (v04 VBOX   VBOXFACP 00000001 ASL  00000061)
[    0.000000] ACPI: DSDT 0x000000003FFF0470 0021FF (v02 VBOX   VBOXBIOS 00000002 INTL 20100528)
[    0.000000] ACPI: FACS 0x000000003FFF0200 000040
[    0.000000] ACPI: FACS 0x000000003FFF0200 000040
[    0.000000] ACPI: APIC 0x000000003FFF0240 00005C (v02 VBOX   VBOXAPIC 00000001 ASL  00000061)
[    0.000000] ACPI: SSDT 0x000000003FFF02A0 0001CC (v01 VBOX   VBOXCPUT 00000002 INTL 20100528)
[    0.000000] No NUMA configuration found
[    0.000000] Faking a node at [mem 0x0000000000000000-0x000000003ffeffff]
[    0.000000] NODE_DATA(0) allocated [mem 0x3ffeb000-0x3ffeffff]
[    0.000000] kvm-clock: Using msrs 4b564d01 and 4b564d00
[    0.000000] kvm-clock: cpu 0, msr 0:3ffe3001, primary cpu clock
[    0.000000] kvm-clock: using sched offset of 3357478416 cycles
[    0.000000] clocksource: kvm-clock: mask: 0xffffffffffffffff max_cycles: 0x1cd42e4dffb, max_idle_ns: 881590591483 ns
[    0.000000] Zone ranges:
[    0.000000]   DMA      [mem 0x0000000000001000-0x0000000000ffffff]
[    0.000000]   DMA32    [mem 0x0000000001000000-0x000000003ffeffff]
[    0.000000]   Normal   empty
[    0.000000]   Device   empty
[    0.000000] Movable zone start for each node
[    0.000000] Early memory node ranges
[    0.000000]   node   0: [mem 0x0000000000001000-0x000000000009efff]
[    0.000000]   node   0: [mem 0x0000000000100000-0x000000003ffeffff]
[    0.000000] Initmem setup node 0 [mem 0x0000000000001000-0x000000003ffeffff]
[    0.000000] ACPI: PM-Timer IO Port: 0x4008
[    0.000000] IOAPIC[0]: apic_id 2, version 32, address 0xfec00000, GSI 0-23
[    0.000000] ACPI: INT_SRC_OVR (bus 0 bus_irq 0 global_irq 2 dfl dfl)
[    0.000000] ACPI: INT_SRC_OVR (bus 0 bus_irq 9 global_irq 9 high level)
[    0.000000] Using ACPI (MADT) for SMP configuration information
[    0.000000] smpboot: Allowing 2 CPUs, 0 hotplug CPUs
[    0.000000] PM: Registered nosave memory: [mem 0x00000000-0x00000fff]
[    0.000000] PM: Registered nosave memory: [mem 0x0009f000-0x0009ffff]
[    0.000000] PM: Registered nosave memory: [mem 0x000a0000-0x000effff]
[    0.000000] PM: Registered nosave memory: [mem 0x000f0000-0x000fffff]
[    0.000000] e820: [mem 0x40000000-0xfebfffff] available for PCI devices
[    0.000000] Booting paravirtualized kernel on KVM
[    0.000000] clocksource: refined-jiffies: mask: 0xffffffff max_cycles: 0xffffffff, max_idle_ns: 7645519600211568 ns
[    0.000000] setup_percpu: NR_CPUS:512 nr_cpumask_bits:512 nr_cpu_ids:2 nr_node_ids:1
[    0.000000] PERCPU: Embedded 34 pages/cpu @ffff88003fc00000 s99544 r8192 d31528 u1048576
[    0.000000] PV qspinlock hash table entries: 256 (order: 0, 4096 bytes)
[    0.000000] Built 1 zonelists in Node order, mobility grouping on.  Total pages: 257912
[    0.000000] Policy zone: DMA32
[    0.000000] Kernel command line: BOOT_IMAGE=/boot/vmlinuz-4.4.0-128-generic root=LABEL=cloudimg-rootfs ro console=tty1 console=ttyS0
[    0.000000] PID hash table entries: 4096 (order: 3, 32768 bytes)
[    0.000000] Memory: 1001616K/1048120K available (8541K kernel code, 1313K rwdata, 4000K rodata, 1512K init, 1316K bss, 46504K reserved, 0K cma-reserved)
[    0.000000] SLUB: HWalign=64, Order=0-3, MinObjects=0, CPUs=2, Nodes=1
[    0.000000] Kernel/User page tables isolation: 
[    0.000000] Hierarchical RCU implementation.
[    0.000000] 	Build-time adjustment of leaf fanout to 64.
[    0.000000] 	RCU restricting CPUs from NR_CPUS=512 to nr_cpu_ids=2.
[    0.000000] RCU: Adjusting geometry for rcu_fanout_leaf=64, nr_cpu_ids=2
[    0.000000] NR_IRQS:33024 nr_irqs:440 16
[    0.000000] Console: colour VGA+ 80x25
[    0.000000] console [tty1] enabled
[    0.000000] console [ttyS0] enabled
[    0.000000] tsc: Detected 3392.152 MHz processor
[    3.430499] Calibrating delay loop (skipped) preset value.. 6784.30 BogoMIPS (lpj=13568608)
[    3.431733] pid_max: default: 32768 minimum: 301
[    3.432379] ACPI: Core revision 20150930
[    3.433725] ACPI: 2 ACPI AML tables successfully acquired and loaded
[    3.434682] Security Framework initialized
[    3.435293] Yama: becoming mindful.
[    3.435832] AppArmor: AppArmor initialized
[    3.436477] Dentry cache hash table entries: 131072 (order: 8, 1048576 bytes)
[    3.437593] Inode-cache hash table entries: 65536 (order: 7, 524288 bytes)
[    3.438484] Mount-cache hash table entries: 2048 (order: 2, 16384 bytes)
[    3.439345] Mountpoint-cache hash table entries: 2048 (order: 2, 16384 bytes)
[    3.440339] Initializing cgroup subsys io
[    3.440920] Initializing cgroup subsys memory
[    3.441534] Initializing cgroup subsys devices
[    3.442180] Initializing cgroup subsys freezer
[    3.442808] Initializing cgroup subsys net_cls
[    3.443425] Initializing cgroup subsys perf_event
[    3.444066] Initializing cgroup subsys net_prio
[    3.446764] Initializing cgroup subsys hugetlb
[    3.447385] Initializing cgroup subsys pids
[    3.448043] CPU: Physical Processor ID: 0
[    3.458613] CPU: Processor Core ID: 0
[    3.459918] mce: CPU supports 0 MCE banks
[    3.460507] Last level iTLB entries: 4KB 1024, 2MB 1024, 4MB 1024
[    3.461293] Last level dTLB entries: 4KB 1024, 2MB 1024, 4MB 1024, 1GB 4
[    3.462115] Spectre V2 : Mitigation: Full generic retpoline
[    3.462901] Spectre V2 : Speculation control IBPB not-supported IBRS not-supported
[    3.463819] Speculative Store Bypass: Vulnerable
[    3.477567] Freeing SMP alternatives memory: 32K
[    3.484548] ftrace: allocating 32236 entries in 126 pages
[    3.527234] smpboot: APIC(0) Converting physical 0 to logical package 0
[    3.537015] smpboot: Max logical packages: 1
[    3.537858] x2apic enabled
[    3.538487] Switched APIC routing to physical x2apic.
[    3.540067] ..TIMER: vector=0x30 apic1=0 pin1=2 apic2=-1 pin2=-1
[    3.646289] smpboot: CPU0: Intel(R) Core(TM) i7-4770 CPU @ 3.40GHz (family: 0x6, model: 0x3c, stepping: 0x3)
[    3.747732] Performance Events: unsupported p6 CPU model 60 no PMU driver, software events only.
[    3.749009] KVM setup paravirtual spinlock
[    3.751650] x86: Booting SMP configuration:
[    3.752314] .... node  #0, CPUs:      #1
[    3.752973] kvm-clock: cpu 1, msr 0:3ffe3041, secondary cpu clock
[    3.767360] mce: CPU supports 0 MCE banks
[    3.776994] x86: Booted up 1 node, 2 CPUs
[    3.777751] smpboot: Total of 2 processors activated (13568.60 BogoMIPS)
[    3.784859] devtmpfs: initialized
[    3.786414] evm: security.selinux
[    3.786941] evm: security.SMACK64
[    3.787445] evm: security.SMACK64EXEC
[    3.789625] evm: security.SMACK64TRANSMUTE
[    3.790236] evm: security.SMACK64MMAP
[    3.790792] evm: security.ima
[    3.791272] evm: security.capability
[    3.791922] clocksource: jiffies: mask: 0xffffffff max_cycles: 0xffffffff, max_idle_ns: 7645041785100000 ns
[    3.795789] futex hash table entries: 512 (order: 3, 32768 bytes)
[    3.796687] pinctrl core: initialized pinctrl subsystem
[    3.843369] RTC time: 12:40:57, date: 07/02/18
[    3.844118] NET: Registered protocol family 16
[    3.854732] cpuidle: using governor ladder
[    3.899239] cpuidle: using governor menu
[    3.899873] PCCT header not found.
[    3.900502] ACPI: bus type PCI registered
[    3.901112] acpiphp: ACPI Hot Plug PCI Controller Driver version: 0.5
[    3.902008] PCI: Using configuration type 1 for base access
[    3.915748] ACPI: Added _OSI(Module Device)
[    3.916404] ACPI: Added _OSI(Processor Device)
[    3.917078] ACPI: Added _OSI(3.0 _SCP Extensions)
[    3.917728] ACPI: Added _OSI(Processor Aggregator Device)
[    3.919026] ACPI: Executed 1 blocks of module-level executable AML code
[    3.921479] ACPI: Interpreter enabled
[    3.922013] ACPI: (supports S0 S5)
[    3.922532] ACPI: Using IOAPIC for interrupt routing
[    3.924383] PCI: Using host bridge windows from ACPI; if necessary, use "pci=nocrs" and report a bug
[    3.928309] ACPI: PCI Root Bridge [PCI0] (domain 0000 [bus 00-ff])
[    3.929093] acpi PNP0A03:00: _OSC: OS supports [ASPM ClockPM Segments MSI]
[    3.930007] acpi PNP0A03:00: _OSC: not requesting OS control; OS requires [ExtendedConfig ASPM ClockPM MSI]
[    3.936723] acpi PNP0A03:00: fail to add MMCONFIG information, can't access extended PCI configuration space under this bridge.
[    4.063610] PCI host bridge to bus 0000:00
[    4.066755] pci_bus 0000:00: root bus resource [io  0x0000-0x0cf7 window]
[    4.067606] pci_bus 0000:00: root bus resource [io  0x0d00-0xffff window]
[    4.068456] pci_bus 0000:00: root bus resource [mem 0x000a0000-0x000bffff window]
[    4.069520] pci_bus 0000:00: root bus resource [mem 0x40000000-0xffdfffff window]
[    4.070578] pci_bus 0000:00: root bus resource [bus 00-ff]
[    4.072550] pci 0000:00:01.1: legacy IDE quirk: reg 0x10: [io  0x01f0-0x01f7]
[    4.073440] pci 0000:00:01.1: legacy IDE quirk: reg 0x14: [io  0x03f6]
[    4.080288] pci 0000:00:01.1: legacy IDE quirk: reg 0x18: [io  0x0170-0x0177]
[    4.088379] pci 0000:00:01.1: legacy IDE quirk: reg 0x1c: [io  0x0376]
[    4.098951] pci 0000:00:07.0: quirk: [io  0x4000-0x403f] claimed by PIIX4 ACPI
[    4.122294] pci 0000:00:07.0: quirk: [io  0x4100-0x410f] claimed by PIIX4 SMB
[    4.126709] ACPI: PCI Interrupt Link [LNKA] (IRQs 5 9 10 *11)
[    4.127956] ACPI: PCI Interrupt Link [LNKB] (IRQs 5 9 10 *11)
[    4.129044] ACPI: PCI Interrupt Link [LNKC] (IRQs 5 9 *10 11)
[    4.187171] ACPI: PCI Interrupt Link [LNKD] (IRQs 5 *9 10 11)
[    4.306470] ACPI: Enabled 2 GPEs in block 00 to 07
[    4.307427] vgaarb: setting as boot device: PCI:0000:00:02.0
[    4.308200] vgaarb: device added: PCI:0000:00:02.0,decodes=io+mem,owns=io+mem,locks=none
[    4.309400] vgaarb: loaded
[    4.309895] vgaarb: bridge control possible 0000:00:02.0
[    4.310859] SCSI subsystem initialized
[    4.311503] ACPI: bus type USB registered
[    4.312074] usbcore: registered new interface driver usbfs
[    4.312810] usbcore: registered new interface driver hub
[    4.313515] usbcore: registered new device driver usb
[    4.314517] PCI: Using ACPI for IRQ routing
[    4.315355] NetLabel: Initializing
[    4.315913] NetLabel:  domain hash size = 128
[    4.316519] NetLabel:  protocols = UNLABELED CIPSOv4
[    4.317198] NetLabel:  unlabeled traffic allowed by default
[    4.318006] amd_nb: Cannot enumerate AMD northbridges
[    4.318701] clocksource: Switched to clocksource kvm-clock
[    4.324020] AppArmor: AppArmor Filesystem Enabled
[    4.469690] pnp: PnP ACPI init
[    4.569702] pnp: PnP ACPI: found 3 devices
[    4.715191] clocksource: acpi_pm: mask: 0xffffff max_cycles: 0xffffff, max_idle_ns: 2085701024 ns
[    4.746505] NET: Registered protocol family 2
[    4.747241] TCP established hash table entries: 8192 (order: 4, 65536 bytes)
[    4.748077] TCP bind hash table entries: 8192 (order: 5, 131072 bytes)
[    4.748877] TCP: Hash tables configured (established 8192 bind 8192)
[    4.749676] UDP hash table entries: 512 (order: 2, 16384 bytes)
[    4.750429] UDP-Lite hash table entries: 512 (order: 2, 16384 bytes)
[    4.751244] NET: Registered protocol family 1
[    4.751891] pci 0000:00:00.0: Limiting direct PCI/PCI transfers
[    4.752650] pci 0000:00:01.0: Activating ISA DMA hang workarounds
[    4.753543] Unpacking initramfs...
[    6.188698] Freeing initrd memory: 10904K
[    6.312944] RAPL PMU detected, API unit is 2^-32 Joules, 4 fixed counters 10737418240 ms ovfl timer
[    6.350205] hw unit of domain pp0-core 2^-0 Joules
[    6.350853] hw unit of domain package 2^-0 Joules
[    6.351506] hw unit of domain dram 2^-0 Joules
[    6.352153] hw unit of domain pp1-gpu 2^-0 Joules
[    6.352835] platform rtc_cmos: registered platform RTC device (no PNP device found)
[    6.360990] Scanning for low memory corruption every 60 seconds
[    6.362202] audit: initializing netlink subsys (disabled)
[    6.362919] audit: type=2000 audit(1530535260.799:1): initialized
[    6.363969] Initialise system trusted keyring
[    6.364966] HugeTLB registered 2 MB page size, pre-allocated 0 pages
[    6.382857] zbud: loaded
[    6.383647] VFS: Disk quotas dquot_6.6.0
[    6.384246] VFS: Dquot-cache hash table entries: 512 (order 0, 4096 bytes)
[    6.385284] squashfs: version 4.0 (2009/01/31) Phillip Lougher
[    6.544703] fuse init (API version 7.23)
[    6.673980] Key type big_key registered
[    6.787286] Allocating IMA MOK and blacklist keyrings.
[    6.788821] Key type asymmetric registered
[    6.790655] Asymmetric key parser 'x509' registered
[    6.926476] Block layer SCSI generic (bsg) driver version 0.4 loaded (major 249)
[    6.961172] io scheduler noop registered
[    6.961760] io scheduler deadline registered (default)
[    6.962474] io scheduler cfq registered
[    6.963174] pci_hotplug: PCI Hot Plug PCI Core version: 0.5
[    6.963908] pciehp: PCI Express Hot Plug Controller Driver version: 0.4
[    6.964849] ACPI: AC Adapter [AC] (on-line)
[    6.981503] input: Power Button as /devices/LNXSYSTM:00/LNXPWRBN:00/input/input0
[    7.157326] ACPI: Power Button [PWRF]
[    7.157971] input: Sleep Button as /devices/LNXSYSTM:00/LNXSLPBN:00/input/input1
[    7.159160] ACPI: Sleep Button [SLPF]
[    7.159970] GHES: HEST is not enabled!
[    7.169578] Serial: 8250/16550 driver, 32 ports, IRQ sharing enabled
[    7.191902] 00:02: ttyS0 at I/O 0x3f8 (irq = 4, base_baud = 115200) is a 16550A
[    7.268089] Linux agpgart interface v0.103
[    7.270009] loop: module loaded
[    7.276595] scsi host0: ata_piix
[    7.279260] scsi host1: ata_piix
[    7.289011] ata1: PATA max UDMA/33 cmd 0x1f0 ctl 0x3f6 bmdma 0xd000 irq 14
[    7.289862] ata2: PATA max UDMA/33 cmd 0x170 ctl 0x376 bmdma 0xd008 irq 15
[    7.290820] libphy: Fixed MDIO Bus: probed
[    7.305683] tun: Universal TUN/TAP device driver, 1.6
[    7.306366] tun: (C) 1999-2004 Max Krasnyansky <maxk@qualcomm.com>
[    7.307224] PPP generic driver version 2.4.2
[    7.307874] ehci_hcd: USB 2.0 'Enhanced' Host Controller (EHCI) Driver
[    7.308710] ehci-pci: EHCI PCI platform driver
[    7.309360] ehci-platform: EHCI generic platform driver
[    7.310076] ohci_hcd: USB 1.1 'Open' Host Controller (OHCI) Driver
[    7.310880] ohci-pci: OHCI PCI platform driver
[    7.311520] ohci-platform: OHCI generic platform driver
[    7.312238] uhci_hcd: USB Universal Host Controller Interface driver
[    7.313095] i8042: PNP: PS/2 Controller [PNP0303:PS2K,PNP0f03:PS2M] at 0x60,0x64 irq 1,12
[    7.314722] serio: i8042 KBD port at 0x60,0x64 irq 1
[    7.315427] serio: i8042 AUX port at 0x60,0x64 irq 12
[    7.316206] mousedev: PS/2 mouse device common for all mice
[    7.317247] rtc_cmos rtc_cmos: rtc core: registered rtc_cmos as rtc0
[    7.318124] rtc_cmos rtc_cmos: alarms up to one day, 114 bytes nvram
[    7.318970] i2c /dev entries driver
[    7.351588] tsc: Refined TSC clocksource calibration: 3391.575 MHz
[    7.351589] clocksource: tsc: mask: 0xffffffffffffffff max_cycles: 0x30e33800264, max_idle_ns: 440795315778 ns
[    7.542411] input: AT Translated Set 2 keyboard as /devices/platform/i8042/serio0/input/input2
[    7.546500] device-mapper: uevent: version 1.0.3
[    7.547280] device-mapper: ioctl: 4.34.0-ioctl (2015-10-28) initialised: dm-devel@redhat.com
[    7.548527] ledtrig-cpu: registered to indicate activity on CPUs
[    7.549862] NET: Registered protocol family 10
[    7.557485] NET: Registered protocol family 17
[    7.564624] Key type dns_resolver registered
[    7.565414] registered taskstats version 1
[    7.571023] Loading compiled-in X.509 certificates
[    7.699050] Loaded X.509 cert 'Build time autogenerated kernel key: fc7b57a7df019f2655f66a8a374d74ee8f4999fc'
[    8.007409] zswap: loaded using pool lzo/zbud
[    8.142996] Key type trusted registered
[    8.263448] Key type encrypted registered
[    8.335578] AppArmor: AppArmor sha1 policy hashing enabled
[    8.361013] ima: No TPM chip found, activating TPM-bypass!
[    8.402447] evm: HMAC attrs: 0x1
[    8.419309]   Magic number: 10:559:682
[    8.419929] rtc_cmos rtc_cmos: setting system clock to 2018-07-02 12:41:01 UTC (1530535261)
[    8.421166] BIOS EDD facility v0.16 2004-Jun-25, 0 devices found
[    8.421938] EDD information not available.
[    8.424743] Freeing unused kernel memory: 1512K
[    8.434837] Write protecting the kernel read-only data: 14336k
[    8.437330] Freeing unused kernel memory: 1688K
[    8.438113] Freeing unused kernel memory: 96K
Loading, please wait...
starting version[    8.447928] random: systemd-udevd: uninitialized urandom read (16 bytes read, 3 bits of entropy available)
 229
[    8.448339] random: udevadm: uninitialized urandom read (16 bytes read, 3 bits of entropy available)
[    8.448353] random: udevadm: uninitialized urandom read (16 bytes read, 3 bits of entropy available)
[    8.453614] random: udevadm: uninitialized urandom read (16 bytes read, 3 bits of entropy available)
[    8.453642] random: udevadm: uninitialized urandom read (16 bytes read, 3 bits of entropy available)
[    8.453729] random: udevadm: uninitialized urandom read (16 bytes read, 3 bits of entropy available)
[    8.453761] random: udevadm: uninitialized urandom read (16 bytes read, 3 bits of entropy available)
[    8.453829] random: udevadm: uninitialized urandom read (16 bytes read, 3 bits of entropy available)
[    8.453864] random: udevadm: uninitialized urandom read (16 bytes read, 3 bits of entropy available)
[    8.453894] random: udevadm: uninitialized urandom read (16 bytes read, 3 bits of entropy available)
[    8.548066] Fusion MPT base driver 3.04.20
[    8.549893] Copyright (c) 1999-2008 LSI Corporation
[    8.552116] e1000: Intel(R) PRO/1000 Network Driver - version 7.3.21-k8-NAPI
[    8.553013] e1000: Copyright (c) 1999-2006 Intel Corporation.
[    8.555765] Fusion MPT SPI Host driver 3.04.20
[    8.569862] AVX version of gcm_enc/dec engaged.
[    8.707212] AES CTR mode by8 optimization enabled
[    8.761425] input: ImExPS/2 Generic Explorer Mouse as /devices/platform/i8042/serio1/input/input4
[    9.027616] e1000 0000:00:03.0 eth0: (PCI:33MHz:32-bit) 02:40:c1:fa:9b:f5
[    9.150752] e1000 0000:00:03.0 eth0: Intel(R) PRO/1000 Network Connection
[    9.251351] e1000 0000:00:03.0 enp0s3: renamed from eth0
[    9.263828] mptbase: ioc0: Initiating bringup
[    9.327800] ioc0: LSI53C1030 A0: Capabilities={Initiator}
[    9.623594] scsi host2: ioc0: LSI53C1030 A0, FwRev=00000000h, Ports=1, MaxQ=256, IRQ=20
[   10.006989] scsi 2:0:0:0: Direct-Access     VBOX     HARDDISK         1.0  PQ: 0 ANSI: 5
[   10.148990] scsi target2:0:0: Beginning Domain Validation
[   10.314582] scsi target2:0:0: Domain Validation skipping write tests
[   10.391469] scsi target2:0:0: Ending Domain Validation
[   10.411452] scsi target2:0:0: asynchronous
[   10.451978] scsi 2:0:1:0: Direct-Access     VBOX     HARDDISK         1.0  PQ: 0 ANSI: 5
[   10.483629] scsi target2:0:1: Beginning Domain Validation
[   10.484823] scsi target2:0:1: Domain Validation skipping write tests
[   10.485623] scsi target2:0:1: Ending Domain Validation
[   10.486328] scsi target2:0:1: asynchronous
[   10.491265] sd 2:0:0:0: [sda] 20971520 512-byte logical blocks: (10.7 GB/10.0 GiB)
[   10.497722] sd 2:0:0:0: Attached scsi generic sg0 type 0
[   10.498563] sd 2:0:0:0: [sda] Write Protect is off
[   10.499555] sd 2:0:1:0: [sdb] 20480 512-byte logical blocks: (10.5 MB/10.0 MiB)
[   10.500682] sd 2:0:1:0: [sdb] Write Protect is off
[   10.501389] sd 2:0:1:0: [sdb] Incomplete mode parameter data
[   10.502122] sd 2:0:1:0: [sdb] Assuming drive cache: write through
[   10.503135] sd 2:0:0:0: [sda] Incomplete mode parameter data
[   10.503291] sd 2:0:1:0: Attached scsi generic sg1 type 0
[   10.527387] sd 2:0:1:0: [sdb] Attached SCSI disk
[   10.530086] sd 2:0:0:0: [sda] Assuming drive cache: write through
[   10.532705]  sda: sda1
[   10.533848] sd 2:0:0:0: [sda] Attached SCSI disk
Begin: Loading e[   11.863183] md: linear personality registered for level -1
ssential drivers[   12.026953] md: multipath personality registered for level -4
 ... [   12.222721] md: raid0 personality registered for level 0
[   12.228929] md: raid1 personality registered for level 1
[   12.374805] raid6: sse2x1   gen() 11283 MB/s
[   12.574854] raid6: sse2x1   xor()  8710 MB/s
[   12.782885] raid6: sse2x2   gen() 14256 MB/s
[   12.918874] raid6: sse2x2   xor()  9403 MB/s
[   13.018883] raid6: sse2x4   gen() 16125 MB/s
[   13.090903] raid6: sse2x4   xor() 11409 MB/s
[   13.106427] raid6: using algorithm sse2x4 gen() 16125 MB/s
[   13.116780] raid6: .... xor() 11409 MB/s, rmw enabled
[   13.154255] raid6: using ssse3x2 recovery algorithm
[   13.213963] xor: automatically using best checksumming function:
[   13.262893]    avx       : 21594.000 MB/sec
[   13.270603] async_tx: api initialized (async)
[   13.278333] md: raid6 personality registered for level 6
[   13.332766] md: raid5 personality registered for level 5
[   13.341040] md: raid4 personality registered for level 4
[   13.348830] md: raid10 personality registered for level 10
done.
Begin: Running /scripts/init-premount ... done.
Begin: Mounting root file system ... Begin: Running /scripts/local-top ... done.
Begin: Running /scripts/local-premount ... [   13.382893] Btrfs loaded
Scanning for Btrfs filesystems
done.
Warning: fsck not present, so skipping root file system
[   13.454788] EXT4-fs (sda1): INFO: recovery required on readonly filesystem
[   13.459131] EXT4-fs (sda1): write access will be enabled during recovery
[   13.685701] EXT4-fs (sda1): orphan cleanup on readonly fs
[   13.799863] EXT4-fs (sda1): 1 orphan inode deleted
[   13.934310] EXT4-fs (sda1): recovery complete
[   14.007885] EXT4-fs (sda1): mounted filesystem with ordered data mode. Opts: (null)
done.
Begin: Running /scripts/local-bottom ... done.
Begin: Running /scripts/init-bottom ... done.
[   14.620109] systemd[1]: systemd 229 running in system mode. (+PAM +AUDIT +SELINUX +IMA +APPARMOR +SMACK +SYSVINIT +UTMP +LIBCRYPTSETUP +GCRYPT +GNUTLS +ACL +XZ -LZ4 +SECCOMP +BLKID +ELFUTILS +KMOD -IDN)
[   14.995958] systemd[1]: Detected virtualization oracle.
[   14.996714] systemd[1]: Detected architecture x86-64.

Welcome to [1mUbuntu 16.04.4 LTS[0m!

[   15.055847] systemd[1]: Set hostname to <ubuntu-xenial>.
[   15.169815] random: nonblocking pool is initialized
[   15.936517] systemd[1]: Listening on /dev/initctl Compatibility Named Pipe.
[[0;32m  OK  [0m] Listening on /dev/initctl Compatibility Named Pipe.
[   16.005393] systemd[1]: Reached target User and Group Name Lookups.
[[0;32m  OK  [0m] Reached target User and Group Name Lookups.
[   16.053530] systemd[1]: Set up automount Arbitrary Executable File Formats File System Automount Point.
[[0;32m  OK  [0m] Set up automount Arbitrary Executab...ats File System Automount Point.
[   16.259149] systemd[1]: Created slice User and Session Slice.
[[0;32m  OK  [0m] Created slice User and Session Slice.
[   16.260636] systemd[1]: Started Forward Password Requests to Wall Directory Watch.
[[0;32m  OK  [0m] Started Forward Password Requests to Wall Directory Watch.
[   16.303014] systemd[1]: Listening on LVM2 metadata daemon socket.
[[0;32m  OK  [0m] Listening on LVM2 metadata daemon socket.
[   16.398131] systemd[1]: Listening on Journal Audit Socket.
[[0;32m  OK  [0m] Listening on Journal Audit Socket.
[   16.411219] systemd[1]: Started Trigger resolvconf update for networkd DNS.
[[0;32m  OK  [0m] Started Trigger resolvconf update for networkd DNS.
[   16.422962] systemd[1]: Reached target Swap.
[[0;32m  OK  [0m] Reached target Swap.
[   16.530154] systemd[1]: Reached target Encrypted Volumes.
[[0;32m  OK  [0m] Reached target Encrypted Volumes.
[   16.531694] systemd[1]: Listening on Journal Socket (/dev/log).
[[0;32m  OK  [0m] Listening on Journal Socket (/dev/log).
[   16.533202] systemd[1]: Listening on Journal Socket.
[[0;32m  OK  [0m] Listening on Journal Socket.
[   16.535739] systemd[1]: Listening on LVM2 poll daemon socket.
[[0;32m  OK  [0m] Listening on LVM2 poll daemon socket.
[   16.537325] systemd[1]: Listening on udev Control Socket.
[[0;32m  OK  [0m] Listening on udev Control Socket.
[   16.538788] systemd[1]: Listening on Syslog Socket.
[[0;32m  OK  [0m] Listening on Syslog Socket.
[   16.562011] systemd[1]: Listening on udev Kernel Socket.
[[0;32m  OK  [0m] Listening on udev Kernel Socket.
[   16.627093] systemd[1]: Reached target System Time Synchronized.
[[0;32m  OK  [0m] Reached target System Time Synchronized.
[   16.827223] systemd[1]: Created slice System Slice.
[[0;32m  OK  [0m] Created slice System Slice.
[   16.838992] systemd[1]: Starting Uncomplicated firewall...
         Starting Uncomplicated firewall...
[   16.884045] systemd[1]: Starting Set console keymap...
         Starting Set console keymap...
[   16.917114] systemd[1]: Mounting Huge Pages File System...
         Mounting Huge Pages File System...
[   17.011231] systemd[1]: Starting Create list of required static device nodes for the current kernel...
         Starting Create list of required st... nodes for the current kernel...
[   17.274967] systemd[1]: Starting Nameserver information manager...
         Starting Nameserver information manager...
[   17.334985] systemd[1]: Starting Load Kernel Modules...
[   17.423479] Loading iSCSI transport class v2.0-870.
         Starting Load Kernel Modules...
[   17.452680] iscsi: registered transport (tcp)
[   17.511062] systemd[1]: Starting Remount Root and Kernel File Systems...
         Startin[   17.538608] EXT4-fs (sda1): re-mounted. Opts: (null)
g Remount Root and Kernel File Systems...
[   17.559782] systemd[1]: Starting Journal Service...
         Starting Journal Service...
[   17.614759] systemd[1]: Mounting POSIX Message Queue File System...
         Mounting POSIX Message Queue File System...
[   17.665102] systemd[1]: Created slice system-serial\x2dgetty.slice.
[[0;32m  OK  [0m] Created slice system-serial\x2dgetty.slice.
[   17.668232] systemd[1]: Reached target Slices.
[   17.670543] iscsi: registered transport (iser)
[[0;32m  OK  [0m] Reached target Slices.
[   17.671699] systemd[1]: Listening on Device-mapper event daemon FIFOs.
[[0;32m  OK  [0m] Listening on Device-mapper event daemon FIFOs.
[   17.673758] systemd[1]: Starting Monitoring of LVM2 mirrors, snapshots etc. using dmeventd or progress polling...
         Starting Monitoring of LVM2 mirrors... dmeventd or progress polling...
[   17.676483] systemd[1]: Mounting Debug File System...
         Mounting Debug File System...
[   17.678765] systemd[1]: Mounted Debug File System.
[[0;32m  OK  [0m] Mounted Debug File System.
[   17.680110] systemd[1]: Mounted POSIX Message Queue File System.
[[0;32m  OK  [0m] Mounted POSIX Message Queue File System.
[   17.681617] systemd[1]: Mounted Huge Pages File System.
[[0;32m  OK  [0m] Mounted Huge Pages File System.
[   17.703457] systemd[1]: Started Uncomplicated firewall.
[[0;32m  OK  [0m] Started Uncomplicated firewall.
[   17.721548] systemd[1]: Started Set console keymap.
[[0;32m  OK  [0m] Started Set console keymap.
[   17.723212] systemd[1]: Started Create list of required static device nodes for the current kernel.
[[0;32m  OK  [0m] Started Create list of required sta...ce nodes for the current kernel.
[   17.731541] systemd[1]: Started Load Kernel Modules.
[[0;32m  OK  [0m] Started Load Kernel Modules.
[   17.783568] systemd[1]: Started Remount Root and Kernel File Systems.
[[0;32m  OK  [0m] Started Remount Root and Kernel File Systems.
[   17.871146] systemd[1]: Started Nameserver information manager.
[[0;32m  OK  [0m] Started Nameserver information manager.
[   17.928956] systemd[1]: Started Journal Service.
[[0;32m  OK  [0m] Started Journal Service.
[[0;32m  OK  [0m] Started LVM2 metadata daemon.
         Starting Load/Save Random Seed...
         Starting Flush Journal to Persistent Storage...
         Starting udev Coldplug all Devices...
         Mounting FUSE Control File System...
         Starting Apply Kernel Variables...
         Starting Create Static Device Nodes in /dev...
[[0;32m  OK  [0m] Mounted FUSE Control File System.
[[0;32m  OK  [0m] Started Monitoring of LVM2 mirrors,...ng dmeventd or progress polling.
[[0;32m  OK  [0m] Started Load/Save Random Seed.
[[0;32m  OK  [0m] Started Apply Kernel Variables.
[[0;32m  OK  [0m] Started Create Static Device Nodes in /dev.
[[0;32m  OK  [0m] Started udev Coldplug all Devices.
[[0;32m  OK  [0m] Started Flush Journal to Persistent Storage.
         Starting udev Kernel Device Manager...
[[0;32m  OK  [0m] Started udev Kernel Device Manager.
[[0;32m  OK  [0m] Reached target Local File Systems (Pre).
[[0;32m  OK  [0m] Reached target Local File Systems.
         Starting Create Volatile Files and Directories...
         Starting Initial cloud-init job (pre-networking)...
         Starting Set console font and keymap...
         Starting Tell Plymouth To Write Out Runtime Data...
         Starting LSB: AppArmor initialization...
[[0;32m  OK  [0m] Started Dispatch Password Requests to Console Directory Watch.
[[0;32m  OK  [0m] Started Create Volatile Files and Directories.
[[0;32m  OK  [0m] Started Tell Plymouth To Write Out Runtime Data.
[[0;32m  OK  [0m] Found device /dev/ttyS0.
         Starting Update UTMP about System Boot/Shutdown...
[[0;32m  OK  [0m] Started Update UTMP about System Boot/Shutdown.
[[0;32m  OK  [0m] Listening on Load/Save RF Kill Switch Status /dev/rfkill Watch.
[[0;32m  OK  [0m] Found device 82540EM Gigabit Ethern...r (PRO/1000 MT Desktop Adapter).
[[0;32m  OK  [0m] Started Set console font and keymap.
[[0;32m  OK  [0m] Created slice system-getty.slice.
[[0;32m  OK  [0m] Started LSB: AppArmor initialization.
[   19.467619] cloud-init[484]: Cloud-init v. 18.2 running 'init-local' at Mon, 02 Jul 2018 12:41:16 +0000. Up 19.00 seconds.
[[0;32m  OK  [0m] Started Initial cloud-init job (pre-networking).
[[0;32m  OK  [0m] Reached target Network (Pre).
         Starting Raise network interfaces...
[[0;32m  OK  [0m] Started ifup for enp0s3.
[[0;32m  OK  [0m] Started Raise network interfaces.
[[0;32m  OK  [0m] Reached target Network.
         Starting Initial cloud-init job (metadata service crawler)...
[   21.462462] cloud-init[992]: Cloud-init v. 18.2 running 'init' at Mon, 02 Jul 2018 12:41:17 +0000. Up 20.77 seconds.
[   21.520465] [[0;32m  OK  [0m] Started Initial cloud-init job (metadata service crawler).
cloud-init[992]: ci-info: +++++++++++++++++++++++++++++++++++++Net device info++++++++++++++++++++++++++++++++++++++
[   21.648672] [cloud-init[0;32m  OK  [0m[992]: ] ci-info: +--------+------+----------------------------+---------------+-------+-------------------+Reached target Cloud-config availability.

[[0;32m  OK  [0m] Reached target Network is Online.
[   21.649480] cloud-init[992]: ci-info: | Device |  Up  |          Address           |      Mask     | Scope |     Hw-Address    |
[   21.794979]          Starting iSCSI initiator daemon (iscsid)...
[[0;32m  OK  [0m] Reached target System Initialization.
[[0;32m  OK  [0m] Started Daily Cleanup of Temporary Directories.
cloud-init[992]: ci-info: +--------+------+----------------------------+---------------+-------+-------------------+
[   21.797596] cloud-init[992]: ci-info: | enp0s3 | True |         10.0.2.15          | 255.255.255.0 |   .   | 02:40:c1:fa:9b:f5 |
[   21.798991] cloud-init[992]: ci-info: | enp0s3 | True | fe80::40:c1ff:fefa:9bf5/64 |       .       |  link | 02:40:c1:fa:9b:f5 |
[   21.800447] cloud-init[992]: ci-info: |   lo   | True |         127.0.0.1          |   255.0.0.0   |   .   |         .         |
[   21.801816] cloud-init[992]: ci-info: |   lo   | True |          ::1/128           |       .       |  host |         .         |
[   21.813053] cloud-init[992]: ci-info: +--------+------+----------------------------+---------------+-------+-------------------+
[   21.814545] cloud-init[992]: ci-info: +++++++++++++++++++++++++++Route IPv4 info++++++++++++++++++++++++++++
[   21.815872] cloud-init[992]: ci-info: +-------+-------------+----------+---------------+-----------+-------+
[   21.823303] [[0;32m  OK  [0m] Started Daily apt download activities.
         Starting Socket activation for snappy daemon.
[[0;32m  OK  [0m] Started Daily apt upgrade and clean activities.
[[0;32m  OK  [0m] Listening on D-Bus System Message Bus Socket.
[[0;32m  OK  [0m] Reached target Timers.
cloud-init[992]: ci-info: | Route | Destination | Gateway  |    Genmask    | Interface | Flags |
[   21.826509] cloud-init[992]: ci-info: +-------+-------------+----------+---------------+-----------+-------+
[   21.855926] cloud-init[992]: ci-info: |   0   |   0.0.0.0   | 10.0.2.2 |    0.0.0.0    |   enp0s3  |   UG  |
[   21.945251] [cloud-init[0;32m  OK  [0m[992]: ] ci-info: |   1   |   10.0.2.0  | 0.0.0.0  | 255.255.255.0 |   enp0s3  |   U   |Started ACPI Events Check.

[   21.946846] [cloud-init[0;32m  OK  [0m[992]: ] ci-info: +-------+-------------+----------+---------------+-----------+-------+Reached target Paths.

[[0;32m  OK  [0m] Listening on UUID daemon activation socket.
         Starting LXD - unix socket.
[[0;32m  OK  [0m] Listening on ACPID Listen Socket.
[[0;32m  OK  [0m] Listening on Socket activation for snappy daemon.
[[0;32m  OK  [0m] Listening on LXD - unix socket.
[[0;32m  OK  [0m] Started iSCSI initiator daemon (iscsid).
         Starting Login to default iSCSI targets...
[[0;32m  OK  [0m] Reached target Sockets.
[[0;32m  OK  [0m] Reached target Basic System.
         Starting LSB: Record successful boot for GRUB...
         Starting LSB: MD monitoring daemon...
[[0;32m  OK  [0m] Started FUSE filesystem for LXC.
[[0;32m  OK  [0m] Started Regular background program processing daemon.
         Starting OpenBSD Secure Shell server...
[[0;32m  OK  [0m] Started D-Bus System Message Bus.
         Starting Login Service...
         Starting Virtualbox guest utils...
         Starting Accounts Service...
[[0;32m  OK  [0m] Started ACPI event daemon.
         Starting System Logging Service...
         Starting LXD - container startup/shutdown...
[[0;32m  OK  [0m] Started Unattended Upgrades Shutdown.
[[0;32m  OK  [0m] Started Deferred execution scheduler.
         Starting /etc/rc.local Compatibility...
         Starting Apply the settings specified in cloud-config...
         Starting Snappy daemon...
[[0;32m  OK  [0m] Started OpenBSD Secure Shell server.
[[0;32m  OK  [0m] Started System Logging Service.
[[0;32m  OK  [0m] Started /etc/rc.local Compatibility.
[[0;32m  OK  [0m] Started Login Service.
         Starting Authenticate and Authorize Users to Run Privileged Tasks...
[[0;32m  OK  [0m] Started LSB: Record successful boot for GRUB.
[[0;32m  OK  [0m] Started LSB: MD monitoring daemon.
[   24.363633] cloud-init[1097]: Cloud-init v. 18.2 running 'modules:config' at Mon, 02 Jul 2018 12:41:21 +0000. Up 23.90 seconds.
[[0;32m  OK  [0m] Started Authenticate and Authorize Users to Run Privileged Tasks.
[[0;32m  OK  [0m] Started Virtualbox guest utils.
[[0;32m  OK  [0m] Started Apply the settings specified in cloud-config.
[[0;32m  OK  [0m] Started Login to default iSCSI targets.
[[0;32m  OK  [0m] Started Accounts Service.
[[0;32m  OK  [0m] Reached target Remote File Systems (Pre).
[[0;32m  OK  [0m] Reached target Remote File Systems.
         Starting Permit User Sessions...
         Starting LSB: Set the CPU Frequency Scaling governor to "ondemand"...
         Starting LSB: daemon to balance interrupts for SMP systems...
         Starting LSB: automatic crash report generation...
[[0;32m  OK  [0m] Started Permit User Sessions.
[[0;32m  OK  [0m] Started LSB: Set the CPU Frequency Scaling governor to "ondemand".
         Starting Hold until boot process finishes up...
         Starting Terminate Plymouth Boot Screen...
[[0;32m  OK  [0m] Started Hold until boot process finishes up.
[[0;32m  OK  [0m] Started LSB: daemon to balance interrupts for SMP systems.
[[0;32m  OK  [0m] Started Terminate Plymouth Boot Screen.
[[0;32m  OK  [0m] Started Serial Getty on ttyS0.
[[0;32m  OK  [0m] Started Getty on tty1.
[[0;32m  OK  [0m] Reached target Login Prompts.
         Starting Set console scheme...
[[0;32m  OK  [0m] Started LSB: automatic crash report generation.
[[0;32m  OK  [0m] Started Set console scheme.
[[0;32m  OK  [0m] Created slice User Slice of vagrant.
         Starting User Manager for UID 1000...
[[0;32m  OK  [0m] Started Session 1 of user vagrant.
[[0;32m  OK  [0m] Started User Manager for UID 1000.
[[0;32m  OK  [0m] Started LXD - container startup/shutdown.
[[0;32m  OK  [0m] Started Snappy daemon.
         Starting Wait until snapd is fully seeded...
[[0;32m  OK  [0m] Started Wait until snapd is fully seeded.
[[0;32m  OK  [0m] Reached target Multi-User System.
         Starting Execute cloud user/final scripts...
[[0;32m  OK  [0m] Reached target Graphical Interface.
         Starting Update UTMP about System Runlevel Changes...
[[0;32m  OK  [0m] Started Update UTMP about System Runlevel Changes.
[   27.487713] cloud-init[1288]: Cloud-init v. 18.2 running 'modules:final' at Mon, 02 Jul 2018 12:41:24 +0000. Up 27.06 seconds.
[   27.500885] cloud-init[1288]: Cloud-init v. 18.2 finished at Mon, 02 Jul 2018 12:41:24 +0000. Datasource DataSourceNoCloud [seed=/dev/sdb][dsmode=net].  Up 27.48 seconds
[[0;32m  OK  [0m] Started Execute cloud user/final scripts.
[[0;32m  OK  [0m] Reached target Cloud-init target.
         Starting Daily apt download activities...

Ubuntu 16.04.4 LTS ubuntu-xenial ttyS0

ubuntu-xenial login: 